[2019-09-08 19:00:33,394] SEVERE {b7a.log.crash} - System property ballerina.home is not specified 
java.lang.RuntimeException: System property ballerina.home is not specified
	at org.wso2.transport.http.netty.contractimpl.common.Util.substituteVariables(Util.java:570)
	at org.wso2.transport.http.netty.contract.config.SslConfiguration.setTrustStoreFile(SslConfiguration.java:81)
	at org.ballerinalang.net.http.HttpUtil.populateSSLConfiguration(HttpUtil.java:1284)
	at org.ballerinalang.net.http.HttpUtil.populateSenderConfigurations(HttpUtil.java:1171)
	at org.ballerinalang.net.http.clientendpoint.CreateSimpleHttpClient.createSimpleHttpClient(CreateSimpleHttpClient.java:101)
	at ballerina.http.client_endpoint.createSimpleHttpClient(client_endpoint.bal:259)
	at ballerina.http.$value$HttpClient.__init(http_client.bal:32)
	at ballerina.http.$value$HttpClient.call(http_client.bal)
	at ballerina.http.http_client.createClient(http_client.bal:204)
	at ballerina.http.$value$HttpSecureClient.__init(http_secure_client.bal:35)
	at ballerina.http.$value$HttpSecureClient.call(http_secure_client.bal)
	at ballerina.http.http_secure_client.createHttpSecureClient(http_secure_client.bal:267)
	at ballerina.http.$value$HttpCachingClient.__init(caching/http_caching_client.bal:94)
	at ballerina.http.$value$HttpCachingClient.call(caching/http_caching_client.bal)
	at ballerina.http.caching.http_caching_client.createHttpCachingClient(caching/http_caching_client.bal:324)
	at ballerina.http.client_endpoint.checkForRetry(client_endpoint.bal:400)
	at ballerina.http.client_endpoint.initialize(client_endpoint.bal:369)
	at ballerina.http.$value$Client.__init(client_endpoint.bal:47)
	at ballerina.http.$value$Client.call(client_endpoint.bal)
	at wso2.facebook.$value$FacebookClient.__init(/src/facebook/facebook_endpoint.bal:34)
	at wso2.facebook.$value$FacebookClient.call(/src/facebook/facebook_endpoint.bal)
	at wso2.facebook.___init.wso2_facebook_0_8_12__init_(facebook:29)
	at thishani.fbb.___init.$moduleInit(fbb:65535)
	at thishani.fbb.___init.$lambda$$moduleInit$(fbb)
	at org.ballerinalang.jvm.scheduling.SchedulerItem.execute(Scheduler.java:481)
	at org.ballerinalang.jvm.scheduling.Scheduler.run(Scheduler.java:237)
	at org.ballerinalang.jvm.scheduling.Scheduler.runSafely(Scheduler.java:207)
	at java.lang.Thread.run(Thread.java:748)
 
[2019-09-08 19:00:33,398] SEVERE {b7a.log.crash} - System property ballerina.home is not specified 
java.lang.RuntimeException: System property ballerina.home is not specified
	at org.wso2.transport.http.netty.contractimpl.common.Util.substituteVariables(Util.java:570)
	at org.wso2.transport.http.netty.contract.config.SslConfiguration.setTrustStoreFile(SslConfiguration.java:81)
	at org.ballerinalang.net.http.HttpUtil.populateSSLConfiguration(HttpUtil.java:1284)
	at org.ballerinalang.net.http.HttpUtil.populateSenderConfigurations(HttpUtil.java:1171)
	at org.ballerinalang.net.http.clientendpoint.CreateSimpleHttpClient.createSimpleHttpClient(CreateSimpleHttpClient.java:101)
	at ballerina.http.client_endpoint.createSimpleHttpClient(client_endpoint.bal:259)
	at ballerina.http.$value$HttpClient.__init(http_client.bal:32)
	at ballerina.http.$value$HttpClient.call(http_client.bal)
	at ballerina.http.http_client.createClient(http_client.bal:204)
	at ballerina.http.$value$HttpSecureClient.__init(http_secure_client.bal:35)
	at ballerina.http.$value$HttpSecureClient.call(http_secure_client.bal)
	at ballerina.http.http_secure_client.createHttpSecureClient(http_secure_client.bal:267)
	at ballerina.http.$value$HttpCachingClient.__init(caching/http_caching_client.bal:94)
	at ballerina.http.$value$HttpCachingClient.call(caching/http_caching_client.bal)
	at ballerina.http.caching.http_caching_client.createHttpCachingClient(caching/http_caching_client.bal:324)
	at ballerina.http.client_endpoint.checkForRetry(client_endpoint.bal:400)
	at ballerina.http.client_endpoint.initialize(client_endpoint.bal:369)
	at ballerina.http.$value$Client.__init(client_endpoint.bal:47)
	at ballerina.http.$value$Client.call(client_endpoint.bal)
	at wso2.facebook.$value$FacebookClient.__init(/src/facebook/facebook_endpoint.bal:34)
	at wso2.facebook.$value$FacebookClient.call(/src/facebook/facebook_endpoint.bal)
	at wso2.facebook.___init.wso2_facebook_0_8_12__init_(facebook:29)
	at thishani.fbb.___init.$moduleInit(fbb:65535)
	at thishani.fbb.___init.$lambda$$moduleInit$(fbb)
	at org.ballerinalang.jvm.scheduling.SchedulerItem.execute(Scheduler.java:481)
	at org.ballerinalang.jvm.scheduling.Scheduler.run(Scheduler.java:237)
	at org.ballerinalang.jvm.scheduling.Scheduler.runSafely(Scheduler.java:207)
	at java.lang.Thread.run(Thread.java:748)
 
